<?xml version="1.0" encoding="UTF-8"?>
<testsuite name="WordSearcherTest" tests="24" skipped="0" failures="0" errors="0" timestamp="2025-11-19T12:06:49" hostname="ENDAUTOEFRLSBQC" time="0.137">
  <properties/>
  <testcase name="testShouldLocateThatDifferentLeftToRightWordInADifferentPosition()" classname="WordSearcherTest" time="0.066"/>
  <testcase name="testLocatesWordsWrittenTopRightToBottomLeft()" classname="WordSearcherTest" time="0.001"/>
  <testcase name="testAcceptsInitialGridAndTargetWord()" classname="WordSearcherTest" time="0.001"/>
  <testcase name="testNotWrapAroundVerticallyToFindAWord()" classname="WordSearcherTest" time="0.002"/>
  <testcase name="testShouldLocateMultipleWords()" classname="WordSearcherTest" time="0.002"/>
  <testcase name="testLocatesWordsWrittenBottomRightToTopLeft()" classname="WordSearcherTest" time="0.002"/>
  <testcase name="testLocatesSameWordWrittenLeftToRightInDifferentTenLineGrid()" classname="WordSearcherTest" time="0.002"/>
  <testcase name="testShouldLocateMultipleWordsWrittenInDifferentHorizontalDirections()" classname="WordSearcherTest" time="0.002"/>
  <testcase name="testFailsToLocateAWordsThatIsNotInThePuzzle()" classname="WordSearcherTest" time="0.003"/>
  <testcase name="testShouldLocateASingleWordRightToLeft()" classname="WordSearcherTest" time="0.002"/>
  <testcase name="testLocatesWordsWrittenTopToBottom()" classname="WordSearcherTest" time="0.002"/>
  <testcase name="testLocatesWordWrittenLeftToRightInTenLineGrid()" classname="WordSearcherTest" time="0.002"/>
  <testcase name="testFailToLocateWordsThatAreNotOnHorizontalVerticalOrDiagonalLines()" classname="WordSearcherTest" time="0.002"/>
  <testcase name="testLocatesWordsWrittenTopLeftToBottomRight()" classname="WordSearcherTest" time="0.002"/>
  <testcase name="testLocatesWordsWrittenBottomToTop()" classname="WordSearcherTest" time="0.002"/>
  <testcase name="testShouldLocateLeftToRightWordInThreeLineGrid()" classname="WordSearcherTest" time="0.0"/>
  <testcase name="testNotConcatenateDifferentLinesToFindAHorizontalWord()" classname="WordSearcherTest" time="0.001"/>
  <testcase name="testNotWrapAroundHorizontallyToFindAWord()" classname="WordSearcherTest" time="0.001"/>
  <testcase name="testLocatesOneWordWrittenLeftToRight()" classname="WordSearcherTest" time="0.001"/>
  <testcase name="testLocatesDifferentWordWrittenLeftToRightInTenLineGrid()" classname="WordSearcherTest" time="0.001"/>
  <testcase name="testShouldLocateTheSameWordLeftToRightInDifferentPosition()" classname="WordSearcherTest" time="0.001"/>
  <testcase name="testShouldLocateADifferentLeftToRightWord()" classname="WordSearcherTest" time="0.001"/>
  <testcase name="testShouldLocateLeftToRightWordInTwoLineGrid()" classname="WordSearcherTest" time="0.002"/>
  <testcase name="testLocatesWordsWrittenBottomLeftToTopRight()" classname="WordSearcherTest" time="0.002"/>
  <system-out><![CDATA[]]></system-out>
  <system-err><![CDATA[]]></system-err>
</testsuite>
