<?xml version="1.0" encoding="UTF-8"?>
<testsuite name="BookStoreTest" tests="18" skipped="0" failures="0" errors="0" timestamp="2025-12-23T13:49:34.281Z" hostname="ENDAUTOEFRLSBQC" time="0.13">
  <properties/>
  <testcase name="One group of one and four is cheaper than one group of two and three" classname="BookStoreTest" time="0.1"/>
  <testcase name="Four different books" classname="BookStoreTest" time="0.001"/>
  <testcase name="Three different books" classname="BookStoreTest" time="0.002"/>
  <testcase name="Group of four plus group of two is cheaper than two groups of three" classname="BookStoreTest" time="0.001"/>
  <testcase name="Three each of first two books and two each of remaining books" classname="BookStoreTest" time="0.001"/>
  <testcase name="Only a single book" classname="BookStoreTest" time="0.001"/>
  <testcase name="Three copies of first book and two each of remaining" classname="BookStoreTest" time="0.001"/>
  <testcase name="Five different books" classname="BookStoreTest" time="0.002"/>
  <testcase name="Two of the same book" classname="BookStoreTest" time="0.001"/>
  <testcase name="Empty basket" classname="BookStoreTest" time="0.001"/>
  <testcase name="Two groups of four is cheaper than groups of five and three" classname="BookStoreTest" time="0.001"/>
  <testcase name="Two each of first four books and one copy each of rest" classname="BookStoreTest" time="0.001"/>
  <testcase name="One group of one and two plus three groups of four is cheaper than one group of each size" classname="BookStoreTest" time="0.0"/>
  <testcase name="Two copies of each book" classname="BookStoreTest" time="0.001"/>
  <testcase name="Four groups of four are cheaper than two groups each of five and three" classname="BookStoreTest" time="0.001"/>
  <testcase name="Check that groups of four are created properly even when there are more groups of three than groups of five" classname="BookStoreTest" time="0.002"/>
  <testcase name="Two groups of four is cheaper than group of five plus group of three" classname="BookStoreTest" time="0.001"/>
  <testcase name="Two different books" classname="BookStoreTest" time="0.001"/>
  <system-out><![CDATA[]]></system-out>
  <system-err><![CDATA[]]></system-err>
</testsuite>
