<?xml version="1.0" encoding="UTF-8"?>
<testsuite name="BowlingGameTest" tests="31" skipped="0" failures="0" errors="0" timestamp="2025-11-19T07:33:54" hostname="ENDAUTOEFRLSBQC" time="0.172">
  <properties/>
  <testcase name="cannot roll after bonus roll for spare" classname="BowlingGameTest" time="0.071"/>
  <testcase name="bonus roll for a spare in the last frame must be rolled before score can be calculated" classname="BowlingGameTest" time="0.001"/>
  <testcase name="a strike in the last frame gets a two roll bonus that is counted once" classname="BowlingGameTest" time="0.006"/>
  <testcase name="two rolls in a frame cannot score more than 10 points" classname="BowlingGameTest" time="0.002"/>
  <testcase name="last two strikes followed by only last bonus with non strike points" classname="BowlingGameTest" time="0.002"/>
  <testcase name="two bonus rolls after a strike in the last frame cannot score more than 10 points" classname="BowlingGameTest" time="0.002"/>
  <testcase name="points scored in the roll after a spare are counted twice" classname="BowlingGameTest" time="0.002"/>
  <testcase name="bonus rolls for a strike in the last frame must be rolled before score can be calculated" classname="BowlingGameTest" time="0.002"/>
  <testcase name="a spare in the last frame gets a one roll bonus that is counted once" classname="BowlingGameTest" time="0.001"/>
  <testcase name="a strike earns ten points in a frame with a single roll" classname="BowlingGameTest" time="0.002"/>
  <testcase name="second bonus roll after a strike in the last frame cannot score more than 10 points" classname="BowlingGameTest" time="0.002"/>
  <testcase name="a spare followed by zeros is worth ten points" classname="BowlingGameTest" time="0.001"/>
  <testcase name="consecutive strikes each get the two roll bonus" classname="BowlingGameTest" time="0.001"/>
  <testcase name="an incomplete game cannot be scored" classname="BowlingGameTest" time="0.002"/>
  <testcase name="rolls cannot score negative points" classname="BowlingGameTest" time="0.003"/>
  <testcase name="both bonus rolls for a strike in the last frame must be rolled before score can be calculated" classname="BowlingGameTest" time="0.002"/>
  <testcase name="a strike with the one roll bonus after a spare in the last frame does not get a bonus" classname="BowlingGameTest" time="0.001"/>
  <testcase name="an unstarted game cannot be scored" classname="BowlingGameTest" time="0.002"/>
  <testcase name="rolling a spare with the two roll bonus does not get a bonus roll" classname="BowlingGameTest" time="0.001"/>
  <testcase name="the second bonus rolls after a strike in the last frame cannot be a strike if the first one is not a strike" classname="BowlingGameTest" time="0.003"/>
  <testcase name="cannot roll if game already has ten frames" classname="BowlingGameTest" time="0.002"/>
  <testcase name="bonus roll after a strike in the last frame cannot score more than 10 points" classname="BowlingGameTest" time="0.001"/>
  <testcase name="all strikes is a perfect game" classname="BowlingGameTest" time="0.001"/>
  <testcase name="cannot roll after bonus rolls for strike" classname="BowlingGameTest" time="0.003"/>
  <testcase name="a roll cannot score more than 10 points" classname="BowlingGameTest" time="0.002"/>
  <testcase name="two bonus rolls after a strike in the last frame can score more than 10 points if one is a strike" classname="BowlingGameTest" time="0.001"/>
  <testcase name="should be able to score a game with no strikes or spares" classname="BowlingGameTest" time="0.001"/>
  <testcase name="should be able to score a game with all zeros" classname="BowlingGameTest" time="0.001"/>
  <testcase name="strikes with the two roll bonus do not get bonus rolls" classname="BowlingGameTest" time="0.001"/>
  <testcase name="consecutive spares each get a one roll bonus" classname="BowlingGameTest" time="0.001"/>
  <testcase name="points scored in the two rolls after a strike are counted twice as a bonus" classname="BowlingGameTest" time="0.001"/>
  <system-out><![CDATA[]]></system-out>
  <system-err><![CDATA[]]></system-err>
</testsuite>
