<?xml version="1.0" encoding="UTF-8"?>
<testsuite name="StateOfTicTacToeTest" tests="27" skipped="0" failures="0" errors="0" timestamp="2025-11-20T16:15:06" hostname="ENDAUTOEFRLSBQC" time="0.125">
  <properties/>
  <testcase name="Finished game where X won via middle row victory" classname="StateOfTicTacToeTest" time="0.062"/>
  <testcase name="Finished game where X won via a row and a column victory" classname="StateOfTicTacToeTest" time="0.001"/>
  <testcase name="Finished game where O won via right column victory" classname="StateOfTicTacToeTest" time="0.002"/>
  <testcase name="Finished game where X won via two diagonal victories" classname="StateOfTicTacToeTest" time="0.001"/>
  <testcase name="Finished game where O won via falling diagonal victory" classname="StateOfTicTacToeTest" time="0.001"/>
  <testcase name="Drawn games" classname="StateOfTicTacToeTest" time="0.001"/>
  <testcase name="Finished game where X won via middle row victory" classname="StateOfTicTacToeTest" time="0.001"/>
  <testcase name="Another draw" classname="StateOfTicTacToeTest" time="0.002"/>
  <testcase name="Finished game where X won via rising diagonal victory" classname="StateOfTicTacToeTest" time="0.001"/>
  <testcase name="Finished game where O won via middle row victory" classname="StateOfTicTacToeTest" time="0.001"/>
  <testcase name="Finished game where O won via middle column victory" classname="StateOfTicTacToeTest" time="0.002"/>
  <testcase name="Finished game where O won via top row victory" classname="StateOfTicTacToeTest" time="0.001"/>
  <testcase name="Ongoing game: two moves in" classname="StateOfTicTacToeTest" time="0.001"/>
  <testcase name="Finished game where X won via middle column victory" classname="StateOfTicTacToeTest" time="0.001"/>
  <testcase name="Finished game where O won via bottom row victory" classname="StateOfTicTacToeTest" time="0.002"/>
  <testcase name="Finished game where X won via top row victory" classname="StateOfTicTacToeTest" time="0.001"/>
  <testcase name="Finished game where X won via falling diagonal victory" classname="StateOfTicTacToeTest" time="0.001"/>
  <testcase name="Ongoing game: five moves in" classname="StateOfTicTacToeTest" time="0.001"/>
  <testcase name="Ongoing game: one move in" classname="StateOfTicTacToeTest" time="0.001"/>
  <testcase name="Finished game where X won via left column victory" classname="StateOfTicTacToeTest" time="0.001"/>
  <testcase name="Finished game where X won via right column victory" classname="StateOfTicTacToeTest" time="0.001"/>
  <testcase name="Invalid board: players kept playing after a win" classname="StateOfTicTacToeTest" time="0.006"/>
  <testcase name="Finished game where O won via rising diagonal victory" classname="StateOfTicTacToeTest" time="0.001"/>
  <testcase name="Invalid board: X went twice" classname="StateOfTicTacToeTest" time="0.002"/>
  <testcase name="Invalid board" classname="StateOfTicTacToeTest" time="0.002"/>
  <testcase name="Finished game where O won via left column victory" classname="StateOfTicTacToeTest" time="0.001"/>
  <testcase name="Invalid board: O started" classname="StateOfTicTacToeTest" time="0.002"/>
  <system-out><![CDATA[]]></system-out>
  <system-err><![CDATA[]]></system-err>
</testsuite>
