<?xml version="1.0" encoding="UTF-8"?>
<testsuite name="RobotTest" tests="5" skipped="0" failures="0" errors="0" timestamp="2025-11-19T07:19:05" hostname="ENDAUTOEFRLSBQC" time="0.191">
  <properties/>
  <testcase name="robotNamesAreUnique()" classname="RobotTest" time="0.172"/>
  <testcase name="sameRobotsHaveSameNames()" classname="RobotTest" time="0.006"/>
  <testcase name="differentRobotsHaveDifferentNames()" classname="RobotTest" time="0.002"/>
  <testcase name="hasName()" classname="RobotTest" time="0.002"/>
  <testcase name="resetName()" classname="RobotTest" time="0.001"/>
  <system-out><![CDATA[]]></system-out>
  <system-err><![CDATA[]]></system-err>
</testsuite>
