<?xml version="1.0" encoding="UTF-8"?>
<testsuite name="KnapsackTest" tests="7" skipped="0" failures="0" errors="0" timestamp="2025-11-18T11:44:10" hostname="ENDAUTOEFRLSBQC" time="0.083">
  <properties/>
  <testcase name="five items (cannot be greedy by weight)" classname="KnapsackTest" time="0.065"/>
  <testcase name="one item, too heavy" classname="KnapsackTest" time="0.001"/>
  <testcase name="8 items" classname="KnapsackTest" time="0.001"/>
  <testcase name="five items (cannot be greedy by value)" classname="KnapsackTest" time="0.001"/>
  <testcase name="no items" classname="KnapsackTest" time="0.002"/>
  <testcase name="example knapsack" classname="KnapsackTest" time="0.002"/>
  <testcase name="15 items" classname="KnapsackTest" time="0.002"/>
  <system-out><![CDATA[]]></system-out>
  <system-err><![CDATA[]]></system-err>
</testsuite>
