<?xml version="1.0" encoding="UTF-8"?>
<testsuite name="CollatzCalculatorTest" tests="6" skipped="0" failures="0" errors="0" timestamp="2025-10-15T12:17:54" hostname="ENDAUTOEFRLSBQC" time="0.124">
  <properties/>
  <testcase name="even and odd steps" classname="CollatzCalculatorTest" time="0.098"/>
  <testcase name="large number of even and odd steps" classname="CollatzCalculatorTest" time="0.001"/>
  <testcase name="zero is an error" classname="CollatzCalculatorTest" time="0.006"/>
  <testcase name="divide if even" classname="CollatzCalculatorTest" time="0.002"/>
  <testcase name="zero steps for one" classname="CollatzCalculatorTest" time="0.001"/>
  <testcase name="negative value is an error" classname="CollatzCalculatorTest" time="0.007"/>
  <system-out><![CDATA[]]></system-out>
  <system-err><![CDATA[]]></system-err>
</testsuite>
