<?xml version="1.0" encoding="UTF-8"?>
<testsuite name="FoodChainTest" tests="10" skipped="0" failures="0" errors="0" timestamp="2025-11-19T09:31:23" hostname="ENDAUTOEFRLSBQC" time="0.085">
  <properties/>
  <testcase name="spider" classname="FoodChainTest" time="0.054"/>
  <testcase name="full song" classname="FoodChainTest" time="0.003"/>
  <testcase name="cat" classname="FoodChainTest" time="0.002"/>
  <testcase name="cow" classname="FoodChainTest" time="0.006"/>
  <testcase name="dog" classname="FoodChainTest" time="0.001"/>
  <testcase name="fly" classname="FoodChainTest" time="0.002"/>
  <testcase name="bird" classname="FoodChainTest" time="0.001"/>
  <testcase name="goat" classname="FoodChainTest" time="0.001"/>
  <testcase name="horse" classname="FoodChainTest" time="0.001"/>
  <testcase name="multiple verses" classname="FoodChainTest" time="0.002"/>
  <system-out><![CDATA[]]></system-out>
  <system-err><![CDATA[]]></system-err>
</testsuite>
