<?xml version="1.0" encoding="UTF-8"?>
<testsuite name="SayTest" tests="19" skipped="0" failures="0" errors="0" timestamp="2025-10-16T05:49:37" hostname="ENDAUTOEFRLSBQC" time="0.121">
  <properties/>
  <testcase name="thirty" classname="SayTest" time="0.059"/>
  <testcase name="twenty" classname="SayTest" time="0.001"/>
  <testcase name="nine hundred ninety-nine" classname="SayTest" time="0.008"/>
  <testcase name="a big number" classname="SayTest" time="0.002"/>
  <testcase name="one billion" classname="SayTest" time="0.001"/>
  <testcase name="one" classname="SayTest" time="0.001"/>
  <testcase name="zero" classname="SayTest" time="0.001"/>
  <testcase name="one million two thousand three hundred forty-five" classname="SayTest" time="0.001"/>
  <testcase name="ninety-nine" classname="SayTest" time="0.001"/>
  <testcase name="twenty-two" classname="SayTest" time="0.001"/>
  <testcase name="fourteen" classname="SayTest" time="0.001"/>
  <testcase name="one million" classname="SayTest" time="0.001"/>
  <testcase name="numbers below zero are out of range" classname="SayTest" time="0.007"/>
  <testcase name="one hundred" classname="SayTest" time="0.001"/>
  <testcase name="numbers above 999,999,999,999 are out of range" classname="SayTest" time="0.003"/>
  <testcase name="one hundred twenty-three" classname="SayTest" time="0.001"/>
  <testcase name="two hundred" classname="SayTest" time="0.001"/>
  <testcase name="one thousand" classname="SayTest" time="0.002"/>
  <testcase name="one thousand two hundred thirty-four" classname="SayTest" time="0.002"/>
  <system-out><![CDATA[]]></system-out>
  <system-err><![CDATA[]]></system-err>
</testsuite>
