<?xml version="1.0" encoding="UTF-8"?>
<testsuite name="IsogramCheckerTest" tests="14" skipped="0" failures="0" errors="0" timestamp="2025-10-16T05:30:08" hostname="ENDAUTOEFRLSBQC" time="0.083">
  <properties/>
  <testcase name="word with duplicated character and with two hyphens" classname="IsogramCheckerTest" time="0.053"/>
  <testcase name="word with one duplicated character from the end of the alphabet" classname="IsogramCheckerTest" time="0.001"/>
  <testcase name="isogram with duplicated hyphen" classname="IsogramCheckerTest" time="0.001"/>
  <testcase name="hypothetical word with duplicated character following hyphen" classname="IsogramCheckerTest" time="0.001"/>
  <testcase name="word with duplicated character in mixed case" classname="IsogramCheckerTest" time="0.001"/>
  <testcase name="isogram with only lower case characters" classname="IsogramCheckerTest" time="0.001"/>
  <testcase name="word with one duplicated character" classname="IsogramCheckerTest" time="0.001"/>
  <testcase name="made-up name that is an isogram" classname="IsogramCheckerTest" time="0.002"/>
  <testcase name="empty string" classname="IsogramCheckerTest" time="0.001"/>
  <testcase name="hypothetical isogrammic word with hyphen" classname="IsogramCheckerTest" time="0.001"/>
  <testcase name="word with duplicated character in mixed case, lowercase first" classname="IsogramCheckerTest" time="0.001"/>
  <testcase name="same first and last characters" classname="IsogramCheckerTest" time="0.001"/>
  <testcase name="longest reported english isogram" classname="IsogramCheckerTest" time="0.002"/>
  <testcase name="duplicated character in the middle" classname="IsogramCheckerTest" time="0.001"/>
  <system-out><![CDATA[]]></system-out>
  <system-err><![CDATA[]]></system-err>
</testsuite>
