<?xml version="1.0" encoding="UTF-8"?>
<testsuite name="SatelliteTest" tests="6" skipped="0" failures="0" errors="0" timestamp="2025-12-24T10:03:15.318Z" hostname="ENDAUTOEFRLSBQC" time="0.083">
  <properties/>
  <testcase name="Reject traversals with repeated items" classname="SatelliteTest" time="0.061"/>
  <testcase name="Reject inconsistent traversals of same length" classname="SatelliteTest" time="0.001"/>
  <testcase name="Empty tree" classname="SatelliteTest" time="0.01"/>
  <testcase name="Tree with one item" classname="SatelliteTest" time="0.003"/>
  <testcase name="Reject traversals of different length" classname="SatelliteTest" time="0.001"/>
  <testcase name="Tree with many items" classname="SatelliteTest" time="0.001"/>
  <system-out><![CDATA[]]></system-out>
  <system-err><![CDATA[]]></system-err>
</testsuite>
