<?xml version="1.0" encoding="UTF-8"?>
<testsuite name="PiecingItTogetherTest" tests="7" skipped="0" failures="0" errors="0" timestamp="2025-11-20T14:09:34" hostname="ENDAUTOEFRLSBQC" time="0.512">
  <properties/>
  <testcase name="testInsufficientData()" classname="PiecingItTogetherTest" time="0.076"/>
  <testcase name="testInsideAndAspectRatioOnly()" classname="PiecingItTogetherTest" time="0.098"/>
  <testcase name="testSquarePuzzleWith32Rows()" classname="PiecingItTogetherTest" time="0.074"/>
  <testcase name="test300PiecesPortraitWithBorder()" classname="PiecingItTogetherTest" time="0.091"/>
  <testcase name="testLandscape1500WithRowsAndAspect()" classname="PiecingItTogetherTest" time="0.05"/>
  <testcase name="testContradictoryData()" classname="PiecingItTogetherTest" time="0.06"/>
  <testcase name="test1000PiecesWithAspectRatio()" classname="PiecingItTogetherTest" time="0.058"/>
  <system-out><![CDATA[]]></system-out>
  <system-err><![CDATA[]]></system-err>
</testsuite>
