<?xml version="1.0" encoding="UTF-8"?>
<testsuite name="PascalsTriangleGeneratorTest" tests="8" skipped="0" failures="0" errors="0" timestamp="2025-11-18T12:55:30" hostname="ENDAUTOEFRLSBQC" time="0.064">
  <properties/>
  <testcase name="testTriangleWithFourRows()" classname="PascalsTriangleGeneratorTest" time="0.052"/>
  <testcase name="testTriangleWithZeroRows()" classname="PascalsTriangleGeneratorTest" time="0.0"/>
  <testcase name="testTriangleWithSixRows()" classname="PascalsTriangleGeneratorTest" time="0.0"/>
  <testcase name="testTriangleWithOneRow()" classname="PascalsTriangleGeneratorTest" time="0.001"/>
  <testcase name="testTriangleWithThreeRows()" classname="PascalsTriangleGeneratorTest" time="0.0"/>
  <testcase name="testTriangleWithTenRows()" classname="PascalsTriangleGeneratorTest" time="0.001"/>
  <testcase name="testTriangleWithFiveRows()" classname="PascalsTriangleGeneratorTest" time="0.001"/>
  <testcase name="testTriangleWithTwoRows()" classname="PascalsTriangleGeneratorTest" time="0.001"/>
  <system-out><![CDATA[]]></system-out>
  <system-err><![CDATA[]]></system-err>
</testsuite>
