<?xml version="1.0" encoding="UTF-8"?>
<testsuite name="EtlTest" tests="4" skipped="0" failures="0" errors="0" timestamp="2025-11-19T09:39:11" hostname="ENDAUTOEFRLSBQC" time="0.073">
  <properties/>
  <testcase name="single letter" classname="EtlTest" time="0.062"/>
  <testcase name="single score with multiple letters" classname="EtlTest" time="0.001"/>
  <testcase name="multiple scores with differing numbers of letters" classname="EtlTest" time="0.003"/>
  <testcase name="multiple scores with multiple letters" classname="EtlTest" time="0.002"/>
  <system-out><![CDATA[]]></system-out>
  <system-err><![CDATA[]]></system-err>
</testsuite>
