<?xml version="1.0" encoding="UTF-8"?>
<testsuite name="ConnectTest" tests="10" skipped="0" failures="0" errors="0" timestamp="2025-12-24T09:01:23.930Z" hostname="ENDAUTOEFRLSBQC" time="0.087">
  <properties/>
  <testcase name="only edges does not make a winner" classname="ConnectTest" time="0.07"/>
  <testcase name="nobody wins crossing adjacent angles" classname="ConnectTest" time="0.001"/>
  <testcase name="X can win on a 1x1 board" classname="ConnectTest" time="0.001"/>
  <testcase name="X wins using a convoluted path" classname="ConnectTest" time="0.001"/>
  <testcase name="X wins using a spiral path" classname="ConnectTest" time="0.001"/>
  <testcase name="O can win on a 1x1 board" classname="ConnectTest" time="0.001"/>
  <testcase name="O wins crossing from top to bottom" classname="ConnectTest" time="0.001"/>
  <testcase name="X wins crossing from left to right" classname="ConnectTest" time="0.001"/>
  <testcase name="illegal diagonal does not make a winner" classname="ConnectTest" time="0.001"/>
  <testcase name="an empty board has no winner" classname="ConnectTest" time="0.0"/>
  <system-out><![CDATA[]]></system-out>
  <system-err><![CDATA[]]></system-err>
</testsuite>
