<?xml version="1.0" encoding="UTF-8"?>
<testsuite name="SquareRootTest" tests="6" skipped="0" failures="0" errors="0" timestamp="2025-11-17T13:11:45" hostname="ENDAUTOEFRLSBQC" time="0.071">
  <properties/>
  <testcase name="Square root of 65025" classname="SquareRootTest" time="0.059"/>
  <testcase name="Square root of 1" classname="SquareRootTest" time="0.001"/>
  <testcase name="Square root of 4" classname="SquareRootTest" time="0.001"/>
  <testcase name="Square root of 196" classname="SquareRootTest" time="0.001"/>
  <testcase name="Square root of 25" classname="SquareRootTest" time="0.001"/>
  <testcase name="Square root of 81" classname="SquareRootTest" time="0.001"/>
  <system-out><![CDATA[]]></system-out>
  <system-err><![CDATA[]]></system-err>
</testsuite>
