<?xml version="1.0" encoding="UTF-8"?>
<testsuite name="GigasecondTest" tests="6" skipped="0" failures="0" errors="0" timestamp="2025-10-15T08:33:57" hostname="ENDAUTOEFRLSBQC" time="0.065">
  <properties/>
  <testcase name="full time specified" classname="GigasecondTest" time="0.054"/>
  <testcase name="date only specification of time" classname="GigasecondTest" time="0.002"/>
  <testcase name="third test for date only specification of time" classname="GigasecondTest" time="0.001"/>
  <testcase name="second test for date only specification of time" classname="GigasecondTest" time="0.001"/>
  <testcase name="full time with day roll-over" classname="GigasecondTest" time="0.001"/>
  <testcase name="does not mutate the input" classname="GigasecondTest" time="0.001"/>
  <system-out><![CDATA[]]></system-out>
  <system-err><![CDATA[]]></system-err>
</testsuite>
