<?xml version="1.0" encoding="UTF-8"?>
<testsuite name="SpiralMatrixBuilderTest" tests="6" skipped="0" failures="0" errors="0" timestamp="2025-10-20T06:26:45" hostname="ENDAUTOEFRLSBQC" time="0.064">
  <properties/>
  <testcase name="trivial spiral" classname="SpiralMatrixBuilderTest" time="0.055"/>
  <testcase name="spiral of size 2" classname="SpiralMatrixBuilderTest" time="0.0"/>
  <testcase name="spiral of size 3" classname="SpiralMatrixBuilderTest" time="0.001"/>
  <testcase name="spiral of size 4" classname="SpiralMatrixBuilderTest" time="0.0"/>
  <testcase name="spiral of size 5" classname="SpiralMatrixBuilderTest" time="0.001"/>
  <testcase name="empty spiral" classname="SpiralMatrixBuilderTest" time="0.002"/>
  <system-out><![CDATA[]]></system-out>
  <system-err><![CDATA[]]></system-err>
</testsuite>
