<?xml version="1.0" encoding="UTF-8"?>
<testsuite name="MeetupTest" tests="95" skipped="0" failures="0" errors="0" timestamp="2025-12-23T14:32:57.855Z" hostname="ENDAUTOEFRLSBQC" time="0.239">
  <properties/>
  <testcase name="last Thursday in a month with five Thursdays" classname="MeetupTest" time="0.062"/>
  <testcase name="when second Friday is some day in the middle of the second week" classname="MeetupTest" time="0.001"/>
  <testcase name="when fourth Friday is some day in the middle of the fourth week" classname="MeetupTest" time="0.0"/>
  <testcase name="when teenth Friday is some day in the middle of the teenth week" classname="MeetupTest" time="0.0"/>
  <testcase name="when second Saturday is some day in the middle of the second week" classname="MeetupTest" time="0.001"/>
  <testcase name="last Wednesday in a month with five Wednesdays" classname="MeetupTest" time="0.001"/>
  <testcase name="last Thursday in a month with four Thursdays" classname="MeetupTest" time="0.002"/>
  <testcase name="when first Thursday is some day in the middle of the first wee" classname="MeetupTest" time="0.001"/>
  <testcase name="when fourth Sunday is the 28th, the last day of the fourth week" classname="MeetupTest" time="0.001"/>
  <testcase name="when teenth Saturday is the 13th, the first day of the teenth week" classname="MeetupTest" time="0.001"/>
  <testcase name="when second Sunday is the 14th, the last day of the second week" classname="MeetupTest" time="0.001"/>
  <testcase name="last Wednesday in a month with four Wednesdays" classname="MeetupTest" time="0.0"/>
  <testcase name="when first Friday is the 7th, the last day of the first week" classname="MeetupTest" time="0.001"/>
  <testcase name="when first Friday is some day in the middle of the first week" classname="MeetupTest" time="0.001"/>
  <testcase name="when teenth Monday is some day in the middle of the teenth week" classname="MeetupTest" time="0.001"/>
  <testcase name="when teenth Wednesday is some day in the middle of the teenth week" classname="MeetupTest" time="0.001"/>
  <testcase name="when second Saturday is another day in the middle of the second week" classname="MeetupTest" time="0.001"/>
  <testcase name="when second Thursday is another day in the middle of the second week" classname="MeetupTest" time="0.001"/>
  <testcase name="when first Tuesday is some day in the middle of the first week" classname="MeetupTest" time="0.001"/>
  <testcase name="when second Friday is the 8th, the first day of the second week" classname="MeetupTest" time="0.001"/>
  <testcase name="when last Wednesday in February in a leap year is the 29th" classname="MeetupTest" time="0.001"/>
  <testcase name="when first Monday is some day in the middle of the first week" classname="MeetupTest" time="0.001"/>
  <testcase name="when fourth Friday is the 22nd, the first day of the fourth week" classname="MeetupTest" time="0.001"/>
  <testcase name="when teenth Tuesday is the 19th, the last day of the teenth week" classname="MeetupTest" time="0.001"/>
  <testcase name="when teenth Wednesday is the 19th, the last day of the teenth week" classname="MeetupTest" time="0.001"/>
  <testcase name="when fourth Saturday is some day in the middle of the fourth week" classname="MeetupTest" time="0.002"/>
  <testcase name="when third Tuesday is some day in the middle of the third week" classname="MeetupTest" time="0.001"/>
  <testcase name="when teenth Saturday is some day in the middle of the teenth week" classname="MeetupTest" time="0.001"/>
  <testcase name="when second Wednesday is the 14th, the last day of the second week" classname="MeetupTest" time="0.001"/>
  <testcase name="when third Monday is some day in the middle of the third week" classname="MeetupTest" time="0.001"/>
  <testcase name="when teenth Monday is the 13th, the first day of the teenth week" classname="MeetupTest" time="0.001"/>
  <testcase name="when first Friday is the 1st, the first day of the first week" classname="MeetupTest" time="0.001"/>
  <testcase name="when second Thursday is some day in the middle of the second week" classname="MeetupTest" time="0.001"/>
  <testcase name="when teenth Thursday is some day in the middle of the teenth week" classname="MeetupTest" time="0.0"/>
  <testcase name="last Tuesday in another month with four Tuesdays" classname="MeetupTest" time="0.001"/>
  <testcase name="when first Sunday is some day in the middle of the first week" classname="MeetupTest" time="0.001"/>
  <testcase name="when first Monday is the 1st, the first day of the first week" classname="MeetupTest" time="0.002"/>
  <testcase name="when teenth Sunday is the 13th, the first day of the teenth week" classname="MeetupTest" time="0.001"/>
  <testcase name="when teenth Tuesday is some day in the middle of the teenth week" classname="MeetupTest" time="0.001"/>
  <testcase name="when last Sunday in February in a non-leap year is not the 29th" classname="MeetupTest" time="0.001"/>
  <testcase name="last Monday in a month with four Mondays" classname="MeetupTest" time="0.001"/>
  <testcase name="last Saturday in another month with four Saturdays" classname="MeetupTest" time="0.001"/>
  <testcase name="when fourth Thursday is another day in the middle of the fourth week" classname="MeetupTest" time="0.001"/>
  <testcase name="when third Friday is some day in the middle of the third week" classname="MeetupTest" time="0.001"/>
  <testcase name="when first Wednesday is some day in the middle of the first week" classname="MeetupTest" time="0.001"/>
  <testcase name="when first Saturday is some day in the middle of the first week" classname="MeetupTest" time="0.001"/>
  <testcase name="last Wednesday in December that is also the last day of the year" classname="MeetupTest" time="0.001"/>
  <testcase name="when fourth Wednesday is some day in the middle of the fourth week" classname="MeetupTest" time="0.001"/>
  <testcase name="when third Saturday is some day in the middle of the third week" classname="MeetupTest" time="0.001"/>
  <testcase name="when third Sunday is some day in the middle of the third week" classname="MeetupTest" time="0.001"/>
  <testcase name="when third Monday is the 15th, the first day of the third week" classname="MeetupTest" time="0.001"/>
  <testcase name="when teenth Wednesday is the 13th, the first day of the teenth week" classname="MeetupTest" time="0.0"/>
  <testcase name="when teenth Friday is the 19th, the last day of the teenth week" classname="MeetupTest" time="0.001"/>
  <testcase name="when teenth Friday is the 13th, the first day of the teenth week" classname="MeetupTest" time="0.0"/>
  <testcase name="when second Tuesday is the 14th, the last day of the second week" classname="MeetupTest" time="0.001"/>
  <testcase name="when fourth Wednesday is the 28th, the last day of the fourth week" classname="MeetupTest" time="0.001"/>
  <testcase name="last Tuesday in a month with four Tuesdays" classname="MeetupTest" time="0.0"/>
  <testcase name="when first Sunday is the 7th, the last day of the first week" classname="MeetupTest" time="0.0"/>
  <testcase name="when teenth Sunday is some day in the middle of the teenth week" classname="MeetupTest" time="0.001"/>
  <testcase name="last Sunday in a month with five Sundays" classname="MeetupTest" time="0.0"/>
  <testcase name="last Monday in a month with five Mondays" classname="MeetupTest" time="0.001"/>
  <testcase name="when third Saturday is another day in the middle of the third week" classname="MeetupTest" time="0.001"/>
  <testcase name="when first Thursday is another day in the middle of the first week" classname="MeetupTest" time="0.001"/>
  <testcase name="when second Wednesday is some day in the middle of the second week" classname="MeetupTest" time="0.002"/>
  <testcase name="last Friday in a month with four Fridays" classname="MeetupTest" time="0.001"/>
  <testcase name="when third Thursday is another day in the middle of the third week" classname="MeetupTest" time="0.001"/>
  <testcase name="when third Tuesday is the 21st, the last day of the third week" classname="MeetupTest" time="0.001"/>
  <testcase name="when teenth Thursday is the 19th, the last day of the teenth week" classname="MeetupTest" time="0.002"/>
  <testcase name="when teenth Monday is the 19th, the last day of the teenth week" classname="MeetupTest" time="0.001"/>
  <testcase name="when fourth Tuesday is some day in the middle of the fourth week" classname="MeetupTest" time="0.0"/>
  <testcase name="when third Sunday is the 21st, the last day of the third week" classname="MeetupTest" time="0.001"/>
  <testcase name="when third Thursday is some day in the middle of the third week" classname="MeetupTest" time="0.001"/>
  <testcase name="when second Tuesday is some day in the middle of the second week" classname="MeetupTest" time="0.0"/>
  <testcase name="when third Wednesday is some day in the middle of the third week" classname="MeetupTest" time="0.001"/>
  <testcase name="when third Friday is the 15th, the first day of the third week" classname="MeetupTest" time="0.001"/>
  <testcase name="when fourth Monday is some day in the middle of the fourth week" classname="MeetupTest" time="0.001"/>
  <testcase name="when second Monday is some day in the middle of the second week" classname="MeetupTest" time="0.001"/>
  <testcase name="when teenth Thursday is the 13th, the first day of the teenth week" classname="MeetupTest" time="0.001"/>
  <testcase name="when first Wednesday is the 7th, the last day of the first week" classname="MeetupTest" time="0.001"/>
  <testcase name="when first Saturday is another day in the middle of the first week" classname="MeetupTest" time="0.001"/>
  <testcase name="when fourth Tuesday is the 28th, the last day of the fourth week" classname="MeetupTest" time="0.001"/>
  <testcase name="when third Wednesday is the 21st, the last day of the third week" classname="MeetupTest" time="0.001"/>
  <testcase name="when fourth Thursday is some day in the middle of the fourth week" classname="MeetupTest" time="0.001"/>
  <testcase name="last Sunday in a month with four Sundays" classname="MeetupTest" time="0.001"/>
  <testcase name="last Saturday in a month with four Saturdays" classname="MeetupTest" time="0.001"/>
  <testcase name="when teenth Sunday is the 19th, the last day of the teenth week" classname="MeetupTest" time="0.001"/>
  <testcase name="when teenth Saturday is the 19th, the last day of the teenth week" classname="MeetupTest" time="0.005"/>
  <testcase name="when fourth Sunday is some day in the middle of the fourth week" classname="MeetupTest" time="0.0"/>
  <testcase name="when fourth Monday is the 22nd, the first day of the fourth week" classname="MeetupTest" time="0.001"/>
  <testcase name="when second Sunday is some day in the middle of the second week" classname="MeetupTest" time="0.001"/>
  <testcase name="when second Monday is the 8th, the first day of the second week" classname="MeetupTest" time="0.006"/>
  <testcase name="last Friday in a month with five Fridays" classname="MeetupTest" time="0.005"/>
  <testcase name="when first Tuesday is the 7th, the last day of the first week" classname="MeetupTest" time="0.002"/>
  <testcase name="when fourth Saturday is another day in the middle of the fourth week" classname="MeetupTest" time="0.001"/>
  <testcase name="when teenth Tuesday is the 13th, the first day of the teenth week" classname="MeetupTest" time="0.001"/>
  <system-out><![CDATA[]]></system-out>
  <system-err><![CDATA[]]></system-err>
</testsuite>
