<?xml version="1.0" encoding="UTF-8"?>
<testsuite name="SeriesTest" tests="11" skipped="0" failures="0" errors="0" timestamp="2025-11-17T13:21:46" hostname="ENDAUTOEFRLSBQC" time="0.091">
  <properties/>
  <testcase name="slices of two" classname="SeriesTest" time="0.06"/>
  <testcase name="slice length cannot be negative" classname="SeriesTest" time="0.005"/>
  <testcase name="slices of two overlap" classname="SeriesTest" time="0.001"/>
  <testcase name="slices of a long series" classname="SeriesTest" time="0.003"/>
  <testcase name="slices of one from one" classname="SeriesTest" time="0.001"/>
  <testcase name="slices of one from two" classname="SeriesTest" time="0.001"/>
  <testcase name="slice length cannot be zero" classname="SeriesTest" time="0.002"/>
  <testcase name="slice length is way too large" classname="SeriesTest" time="0.001"/>
  <testcase name="slice length is too large" classname="SeriesTest" time="0.002"/>
  <testcase name="slices can include duplicates" classname="SeriesTest" time="0.001"/>
  <testcase name="empty series is invalid" classname="SeriesTest" time="0.001"/>
  <system-out><![CDATA[]]></system-out>
  <system-err><![CDATA[]]></system-err>
</testsuite>
