<?xml version="1.0" encoding="UTF-8"?>
<testsuite name="SumOfMultiplesTest" tests="16" skipped="0" failures="0" errors="0" timestamp="2025-10-16T06:43:58" hostname="ENDAUTOEFRLSBQC" time="0.093">
  <properties/>
  <testcase name="testOneFactorIsAMultipleOfAnother()" classname="SumOfMultiplesTest" time="0.058"/>
  <testcase name="testThreeFactors()" classname="SumOfMultiplesTest" time="0.001"/>
  <testcase name="testMuchLargerFactors()" classname="SumOfMultiplesTest" time="0.001"/>
  <testcase name="testNoMultiplesWithinLimit()" classname="SumOfMultiplesTest" time="0.001"/>
  <testcase name="testSumOfMultiplesOfZeroIsZero()" classname="SumOfMultiplesTest" time="0.001"/>
  <testcase name="testNoFactorsMeanAnEmptySum()" classname="SumOfMultiplesTest" time="0.001"/>
  <testcase name="testMoreThanOneMultipleWithinLimit()" classname="SumOfMultiplesTest" time="0.001"/>
  <testcase name="testFactorZeroDoesNotAffectTheSumOfMultiplesOfOtherFactors()" classname="SumOfMultiplesTest" time="0.001"/>
  <testcase name="testAllNumbersAreMultiplesOf1()" classname="SumOfMultiplesTest" time="0.001"/>
  <testcase name="testMoreThanOneFactorWithMultiplesWithinLimit()" classname="SumOfMultiplesTest" time="0.0"/>
  <testcase name="testOneFactorHasMultiplesWithinLimit()" classname="SumOfMultiplesTest" time="0.001"/>
  <testcase name="testAMuchLargerLimit()" classname="SumOfMultiplesTest" time="0.001"/>
  <testcase name="testEachMultipleIsOnlyCountedOnce()" classname="SumOfMultiplesTest" time="0.001"/>
  <testcase name="testSomePairsOfFactorsRelativelyPrimeAndSomeNot()" classname="SumOfMultiplesTest" time="0.001"/>
  <testcase name="testFactorsNotRelativelyPrime()" classname="SumOfMultiplesTest" time="0.001"/>
  <testcase name="testSolutionsUsingIncludeExcludeMustExtendToCardinalityGreater3()" classname="SumOfMultiplesTest" time="0.004"/>
  <system-out><![CDATA[]]></system-out>
  <system-err><![CDATA[]]></system-err>
</testsuite>
