<?xml version="1.0" encoding="UTF-8"?>
<testsuite name="BracketCheckerTest" tests="20" skipped="0" failures="0" errors="0" timestamp="2025-11-18T12:15:24" hostname="ENDAUTOEFRLSBQC" time="0.088">
  <properties/>
  <testcase name="testPairedWithWhitespace()" classname="BracketCheckerTest" time="0.053"/>
  <testcase name="testPairedAndWrongNestedBrackets()" classname="BracketCheckerTest" time="0.001"/>
  <testcase name="testWrongOrderedBrackets()" classname="BracketCheckerTest" time="0.001"/>
  <testcase name="testUnopenedClosingBracket()" classname="BracketCheckerTest" time="0.001"/>
  <testcase name="testComplexLatexExpression()" classname="BracketCheckerTest" time="0.001"/>
  <testcase name="testSimpleNestedBrackets()" classname="BracketCheckerTest" time="0.001"/>
  <testcase name="testUnpairedAndNestedBrackets()" classname="BracketCheckerTest" time="0.001"/>
  <testcase name="testTooManyClosingBrackets()" classname="BracketCheckerTest" time="0.001"/>
  <testcase name="testWrongClosingBracket()" classname="BracketCheckerTest" time="0.001"/>
  <testcase name="testPairedAndIncompleteBrackets()" classname="BracketCheckerTest" time="0.001"/>
  <testcase name="testEarlyMismatchedBrackets()" classname="BracketCheckerTest" time="0.0"/>
  <testcase name="testEmptyString()" classname="BracketCheckerTest" time="0.001"/>
  <testcase name="testPairedAndWrongNestedBracketsButInnermostAreCorrect()" classname="BracketCheckerTest" time="0.001"/>
  <testcase name="testPartiallyPairedBrackets()" classname="BracketCheckerTest" time="0.0"/>
  <testcase name="testMathExpression()" classname="BracketCheckerTest" time="0.001"/>
  <testcase name="testPairedSquareBrackets()" classname="BracketCheckerTest" time="0.001"/>
  <testcase name="testPairedAndNestedBrackets()" classname="BracketCheckerTest" time="0.001"/>
  <testcase name="testUnpairedBrackets()" classname="BracketCheckerTest" time="0.001"/>
  <testcase name="testSeveralPairedBrackets()" classname="BracketCheckerTest" time="0.001"/>
  <testcase name="testEarlyUnexpectedBrackets()" classname="BracketCheckerTest" time="0.001"/>
  <system-out><![CDATA[]]></system-out>
  <system-err><![CDATA[]]></system-err>
</testsuite>
