<?xml version="1.0" encoding="UTF-8"?>
<testsuite name="DiamondPrinterTest" tests="5" skipped="0" failures="0" errors="0" timestamp="2025-11-18T07:53:09" hostname="ENDAUTOEFRLSBQC" time="0.074">
  <properties/>
  <testcase name="Smallest non-degenerate case with even diamond side length" classname="DiamondPrinterTest" time="0.061"/>
  <testcase name="Largest possible diamond" classname="DiamondPrinterTest" time="0.001"/>
  <testcase name="Smallest non-degenerate case with odd diamond side length" classname="DiamondPrinterTest" time="0.002"/>
  <testcase name="Degenerate case with a single 'A' row" classname="DiamondPrinterTest" time="0.002"/>
  <testcase name="Degenerate case with no row containing 3 distinct groups of spaces" classname="DiamondPrinterTest" time="0.002"/>
  <system-out><![CDATA[]]></system-out>
  <system-err><![CDATA[]]></system-err>
</testsuite>
