<?xml version="1.0" encoding="UTF-8"?>
<testsuite name="TwoferTest" tests="3" skipped="0" failures="0" errors="0" timestamp="2025-10-14T10:33:58" hostname="ENDAUTOEFRLSBQC" time="0.058">
  <properties/>
  <testcase name="noNameGiven()" classname="TwoferTest" time="0.053"/>
  <testcase name="aNameGiven()" classname="TwoferTest" time="0.001"/>
  <testcase name="anotherNameGiven()" classname="TwoferTest" time="0.001"/>
  <system-out><![CDATA[]]></system-out>
  <system-err><![CDATA[]]></system-err>
</testsuite>
